\BOOKMARK [1][-]{section*.2}{\376\377\000\315\000n\000d\000i\000c\000e\000\040\000d\000e\000\040\000f\000i\000g\000u\000r\000a\000s}{}% 1
\BOOKMARK [1][-]{section*.3}{\376\377\000\315\000n\000d\000i\000c\000e\000\040\000d\000e\000\040\000t\000a\000b\000l\000a\000s}{}% 2
\BOOKMARK [1][-]{section.1}{\376\377\000C\000i\000n\000e\000m\000\341\000t\000i\000c\000a}{}% 3
\BOOKMARK [2][-]{subsection.1.1}{\376\377\000S\000i\000s\000t\000e\000m\000a\000\040\000d\000e\000\040\000r\000e\000f\000e\000r\000e\000n\000c\000i\000a}{section.1}% 4
\BOOKMARK [3][-]{subsubsection.1.1.1}{\376\377\000O\000b\000s\000e\000r\000v\000a\000d\000o\000r\000\040\000i\000n\000t\000e\000r\000n\000o}{subsection.1.1}% 5
\BOOKMARK [3][-]{subsubsection.1.1.2}{\376\377\000O\000b\000s\000e\000r\000v\000a\000d\000o\000r\000\040\000e\000x\000t\000e\000r\000n\000o}{subsection.1.1}% 6
\BOOKMARK [2][-]{subsection.1.2}{\376\377\000P\000o\000s\000i\000c\000i\000\363\000n}{section.1}% 7
\BOOKMARK [2][-]{subsection.1.3}{\376\377\000D\000e\000s\000p\000l\000a\000z\000a\000m\000i\000e\000n\000t\000o}{section.1}% 8
\BOOKMARK [2][-]{subsection.1.4}{\376\377\000V\000e\000l\000o\000c\000i\000d\000a\000d\000\040\000y\000\040\000r\000a\000p\000i\000d\000e\000z}{section.1}% 9
\BOOKMARK [3][-]{subsubsection.1.4.1}{\376\377\000V\000e\000l\000o\000c\000i\000d\000a\000d}{subsection.1.4}% 10
\BOOKMARK [3][-]{subsubsection.1.4.2}{\376\377\000R\000a\000p\000i\000d\000e\000z}{subsection.1.4}% 11
\BOOKMARK [2][-]{subsection.1.5}{\376\377\000V\000e\000l\000o\000c\000i\000d\000a\000d\000\040\000m\000e\000d\000i\000a\000\040\000e\000\040\000i\000n\000s\000t\000a\000n\000t\000\341\000n\000e\000a}{section.1}% 12
\BOOKMARK [3][-]{subsubsection.1.5.1}{\376\377\000V\000e\000l\000o\000c\000i\000d\000a\000d\000\040\000m\000e\000d\000i\000a}{subsection.1.5}% 13
\BOOKMARK [3][-]{subsubsection.1.5.2}{\376\377\000V\000e\000l\000o\000c\000i\000d\000a\000d\000\040\000i\000n\000s\000t\000a\000n\000t\000\341\000n\000e\000a}{subsection.1.5}% 14
\BOOKMARK [3][-]{subsubsection.1.5.3}{\376\377\000E\000j\000e\000m\000p\000l\000o}{subsection.1.5}% 15
\BOOKMARK [2][-]{subsection.1.6}{\376\377\000A\000c\000e\000l\000e\000r\000a\000c\000i\000\363\000n\000\040\000m\000e\000d\000i\000a\000\040\000e\000\040\000i\000n\000s\000t\000a\000n\000t\000\341\000n\000e\000a}{section.1}% 16
\BOOKMARK [3][-]{subsubsection.1.6.1}{\376\377\000A\000c\000e\000l\000e\000r\000a\000c\000i\000\363\000n\000\040\000m\000e\000d\000i\000a}{subsection.1.6}% 17
\BOOKMARK [3][-]{subsubsection.1.6.2}{\376\377\000A\000c\000e\000l\000e\000r\000a\000c\000i\000\363\000n\000\040\000i\000n\000s\000t\000a\000n\000t\000\341\000n\000e\000a}{subsection.1.6}% 18
\BOOKMARK [3][-]{subsubsection.1.6.3}{\376\377\000E\000j\000e\000m\000p\000l\000o\000\040\0002}{subsection.1.6}% 19
\BOOKMARK [1][-]{section.2}{\376\377\000M\000o\000v\000i\000m\000i\000e\000n\000t\000o\000\040\000u\000n\000i\000f\000o\000r\000m\000e}{}% 20
\BOOKMARK [2][-]{subsection.2.1}{\376\377\000D\000e\000f\000i\000n\000i\000c\000i\000\363\000n}{section.2}% 21
\BOOKMARK [2][-]{subsection.2.2}{\376\377\000V\000e\000l\000o\000c\000i\000d\000a\000d}{section.2}% 22
\BOOKMARK [2][-]{subsection.2.3}{\376\377\000E\000c\000u\000a\000c\000i\000\363\000n\000\040\000d\000e\000\040\000m\000o\000v\000i\000m\000i\000e\000n\000t\000o}{section.2}% 23
\BOOKMARK [2][-]{subsection.2.4}{\376\377\000I\000n\000t\000e\000r\000p\000r\000e\000t\000a\000c\000i\000\363\000n\000\040\000g\000r\000\341\000f\000i\000c\000a}{section.2}% 24
\BOOKMARK [1][-]{section.3}{\376\377\000C\000i\000n\000e\000m\000a\000t\000i\000c\000a\000\040\000d\000e\000\040\000l\000a\000\040\000p\000a\000r\000t\000i\000c\000u\000l\000a}{}% 25
\BOOKMARK [1][-]{section.4}{\376\377\000C\000\341\000l\000c\000u\000l\000o\000\040\000d\000i\000f\000e\000r\000e\000n\000c\000i\000a\000l}{}% 26
\BOOKMARK [2][-]{subsection.4.1}{\376\377\000D\000e\000r\000i\000v\000a\000d\000a\000s}{section.4}% 27
\BOOKMARK [3][-]{subsubsection.4.1.1}{\376\377\000I\000n\000t\000e\000r\000p\000r\000e\000t\000a\000c\000i\000\363\000n}{subsection.4.1}% 28
\BOOKMARK [3][-]{subsubsection.4.1.2}{\376\377\000R\000e\000g\000l\000a\000s\000\040\000d\000e\000\040\000d\000e\000r\000i\000v\000a\000c\000i\000\363\000n}{subsection.4.1}% 29
\BOOKMARK [3][-]{subsubsection.4.1.3}{\376\377\000D\000e\000r\000i\000v\000a\000d\000a\000s\000\040\000b\000\341\000s\000i\000c\000a\000s}{subsection.4.1}% 30
\BOOKMARK [2][-]{subsection.4.2}{\376\377\000I\000n\000t\000e\000g\000r\000a\000l\000e\000s}{section.4}% 31
\BOOKMARK [3][-]{subsubsection.4.2.1}{\376\377\000I\000n\000t\000e\000g\000r\000a\000l\000\040\000i\000n\000d\000e\000f\000i\000n\000i\000d\000a}{subsection.4.2}% 32
\BOOKMARK [3][-]{subsubsection.4.2.2}{\376\377\000I\000n\000t\000e\000g\000r\000a\000l\000\040\000d\000e\000f\000i\000n\000i\000d\000a}{subsection.4.2}% 33
\BOOKMARK [3][-]{subsubsection.4.2.3}{\376\377\000R\000e\000g\000l\000a\000s\000\040\000d\000e\000\040\000i\000n\000t\000e\000g\000r\000a\000c\000i\000\363\000n}{subsection.4.2}% 34
\BOOKMARK [1][-]{section.5}{\376\377\000M\000o\000v\000i\000m\000i\000e\000n\000t\000o\000\040\000R\000e\000c\000t\000i\000l\000\355\000n\000e\000o\000\040\000U\000n\000i\000f\000o\000r\000m\000e\000\040\000\050\000M\000R\000U\000\051}{}% 35
\BOOKMARK [2][-]{subsection.5.1}{\376\377\000E\000c\000u\000a\000c\000i\000\363\000n\000\040\000d\000e\000\040\000p\000o\000s\000i\000c\000i\000\363\000n}{section.5}% 36
\BOOKMARK [2][-]{subsection.5.2}{\376\377\000C\000a\000r\000a\000c\000t\000e\000r\000\355\000s\000t\000i\000c\000a\000s\000\040\000d\000e\000l\000\040\000M\000R\000U}{section.5}% 37
\BOOKMARK [1][-]{section.6}{\376\377\000M\000o\000v\000i\000m\000i\000e\000n\000t\000o\000\040\000R\000e\000c\000t\000i\000l\000\355\000n\000e\000o\000\040\000U\000n\000i\000f\000o\000r\000m\000e\000m\000e\000n\000t\000e\000\040\000A\000c\000e\000l\000e\000r\000a\000d\000o\000\040\000\050\000M\000R\000U\000A\000\051}{}% 38
\BOOKMARK [2][-]{subsection.6.1}{\376\377\000E\000c\000u\000a\000c\000i\000o\000n\000e\000s}{section.6}% 39
\BOOKMARK [2][-]{subsection.6.2}{\376\377\000C\000a\000r\000a\000c\000t\000e\000r\000\355\000s\000t\000i\000c\000a\000s\000\040\000d\000e\000l\000\040\000M\000R\000U\000A}{section.6}% 40
\BOOKMARK [1][-]{section.7}{\376\377\000H\000e\000r\000r\000a\000m\000i\000e\000n\000t\000a\000s}{}% 41
\BOOKMARK [1][-]{section.8}{\376\377\000S\000i\000m\000u\000l\000a\000c\000i\000\363\000n}{}% 42
\BOOKMARK [2][-]{subsection.8.1}{\376\377\000M\000a\000t\000e\000r\000i\000a\000l\000e\000s}{section.8}% 43
\BOOKMARK [2][-]{subsection.8.2}{\376\377\000P\000r\000o\000c\000e\000d\000i\000m\000i\000e\000n\000t\000o}{section.8}% 44
\BOOKMARK [2][-]{subsection.8.3}{\376\377\000R\000e\000s\000o\000l\000u\000c\000i\000\363\000n}{section.8}% 45
\BOOKMARK [2][-]{subsection.8.4}{\376\377\000R\000e\000s\000u\000l\000t\000a\000d\000o\000s}{section.8}% 46
\BOOKMARK [2][-]{subsection.8.5}{\376\377\000A\000n\000\341\000l\000i\000s\000i\000s}{section.8}% 47
\BOOKMARK [1][-]{section.9}{\376\377\000C\000o\000n\000c\000l\000u\000s\000i\000o\000n\000e\000s}{}% 48
\BOOKMARK [1][-]{section.10}{\376\377\000R\000e\000c\000o\000m\000e\000n\000d\000a\000c\000i\000o\000n\000e\000s}{}% 49
